C:\Program Files (x86)\Microsoft Visual Studio\2019\Community\MSBuild\Microsoft\VC\v160\Microsoft.CppBuild.targets(513,5): warning MSB8028: 中繼目錄 (x64\Release\) 包含從其他專案 (MineSweeper.GUI.DearImgui.vcxproj) 共用的檔案。這可能導致錯誤的清除和重建行為。
  Board.cpp
  Chess.cpp
  GameManager.cpp
D:\Coding\C++\Chess\MineSweeper.GUI.DearImgui\ViewManager.h(21,19): warning C4305: '正在初始化': 從 'double' 轉換為 'float'，是由較大的類型轉換為較小的類型，可能導致資料遺失
D:\Coding\C++\Chess\MineSweeper.GUI.DearImgui\ViewManager.h(22,14): warning C4305: '正在初始化': 從 'double' 轉換為 'float'，是由較大的類型轉換為較小的類型，可能導致資料遺失
  imgui.cpp
  imgui_demo.cpp
  imgui_draw.cpp
  imgui_impl_glfw.cpp
  imgui_impl_opengl3.cpp
  imgui_tables.cpp
  imgui_widgets.cpp
  main.cpp
D:\Coding\C++\Chess\MineSweeper.GUI.DearImgui\ViewManager.h(21,19): warning C4305: '正在初始化': 從 'double' 轉換為 'float'，是由較大的類型轉換為較小的類型，可能導致資料遺失
D:\Coding\C++\Chess\MineSweeper.GUI.DearImgui\ViewManager.h(22,14): warning C4305: '正在初始化': 從 'double' 轉換為 'float'，是由較大的類型轉換為較小的類型，可能導致資料遺失
C:\Program Files (x86)\Windows Kits\10\Include\10.0.19041.0\shared\minwindef.h(130,1): warning C4005: 'APIENTRY': 巨集重複定義
D:\Coding\C++\Chess\MineSweeper.GUI.DearImgui\include\glad\glad.h(32): message : 請參閱 'APIENTRY' 之前的定義
D:\Coding\C++\Chess\MineSweeper.GUI.DearImgui\main.cpp(192,25): warning C4305: '正在初始化': 從 'double' 轉換為 'float'，是由較大的類型轉換為較小的類型，可能導致資料遺失
D:\Coding\C++\Chess\MineSweeper.GUI.DearImgui\main.cpp(193,19): warning C4305: '正在初始化': 從 'double' 轉換為 'float'，是由較大的類型轉換為較小的類型，可能導致資料遺失
D:\Coding\C++\Chess\MineSweeper.GUI.DearImgui\main.cpp(173,78): warning C4101: 'test_texture': 未參考的區域變數
  Player.cpp
  Turn.cpp
  ViewManager.cpp
D:\Coding\C++\Chess\MineSweeper.GUI.DearImgui\ViewManager.h(21,19): warning C4305: '正在初始化': 從 'double' 轉換為 'float'，是由較大的類型轉換為較小的類型，可能導致資料遺失
D:\Coding\C++\Chess\MineSweeper.GUI.DearImgui\ViewManager.h(22,14): warning C4305: '正在初始化': 從 'double' 轉換為 'float'，是由較大的類型轉換為較小的類型，可能導致資料遺失
  glad.c
  正在產生程式碼
  Previous IPDB and IOBJ mismatch, fall back to full compilation.
  All 4088 functions were compiled because no usable IPDB/IOBJ from previous compilation was found.
  已完成程式碼產生
  MineSweeper.GUI.DearImgui.vcxproj -> D:\Coding\C++\Chess\x64\Release\Chess.GUI.DearImgui.exe
